{
    "2007-p1-f1-magico": "\n2007f1p1_magico.cpp: In function ‘int verificaMagico(std::vector<std::vector<int> >&, int)’:\n2007f1p1_magico.cpp:31:9: error: ‘diag1Soma’ was not declared in this scope\n   31 |     if (diag1Soma != soma || diag2Soma != soma) {\n      |         ^~~~~~~~~\n2007f1p1_magico.cpp:31:30: error: ‘diag2Soma’ was not declared in this scope\n   31 |     if (diag1Soma != soma || diag2Soma != soma) {\n      |                              ^~~~~~~~~",
    "2007-p1-f2-tele": "\n2007f2p1_tele.cpp:19:21: error: stray ‘\\303’ in program\n   19 |     vector<int> ligações(N, 0);\n      |                     ^\n2007f2p1_tele.cpp:19:22: error: stray ‘\\247’ in program\n   19 |     vector<int> ligações(N, 0);\n      |                      ^\n2007f2p1_tele.cpp:19:23: error: stray ‘\\303’ in program\n   19 |     vector<int> ligações(N, 0);\n      |                       ^\n2007f2p1_tele.cpp:19:24: error: stray ‘\\265’ in program\n   19 |     vector<int> ligações(N, 0);\n      |                        ^\n2007f2p1_tele.cpp:30:13: error: stray ‘\\303’ in program\n   30 |         ligações[ligacao.vendedor - 1]++;\n      |             ^\n2007f2p1_tele.cpp:30:14: error: stray ‘\\247’ in program\n   30 |         ligações[ligacao.vendedor - 1]++;\n      |              ^\n2007f2p1_tele.cpp:30:15: error: stray ‘\\303’ in program\n   30 |         ligações[ligacao.vendedor - 1]++;\n      |               ^\n2007f2p1_tele.cpp:30:16: error: stray ‘\\265’ in program\n   30 |         ligaçõe",
    "2007-p2-f1-saco": "\n2007f1p2_saco.cpp: In function ‘int solve()’:\n2007f1p2_saco.cpp:20:15: error: ‘INT_MAX’ was not declared in this scope\n   20 |     int ans = INT_MAX;\n      |               ^~~~~~~\n2007f1p2_saco.cpp:4:1: note: ‘INT_MAX’ is defined in header ‘<climits>’; did you forget to ‘#include <climits>’?\n    3 | #include <queue>\n  +++ |+#include <climits>\n    4 |",
    "2008-pj-f2-minicalc": "\n2008f2pj_minicalc.cpp: In function ‘int main()’:\n2008f2pj_minicalc.cpp:14:15: error: ‘__gcd’ was not declared in this scope; did you mean ‘gcd’?\n   14 |     int gcd = __gcd(D, Q);\n      |               ^~~~~\n      |               gcd",
    "2009-p2-f1-pontes": "\n2009f1p2_pontes.cpp: In function ‘int dijkstra(int, int)’:\n2009f1p2_pontes.cpp:15:29: error: ‘INT_MAX’ was not declared in this scope\n   15 |     fill(dist, dist + 1005, INT_MAX);\n      |                             ^~~~~~~\n2009f1p2_pontes.cpp:4:1: note: ‘INT_MAX’ is defined in header ‘<climits>’; did you forget to ‘#include <climits>’?\n    3 | #include <queue>\n  +++ |+#include <climits>\n    4 |",
    "2009-p2-f2-cadeiras": "\nIn file included from /usr/include/x86_64-linux-gnu/c++/9/bits/c++allocator.h:33,\n                 from /usr/include/c++/9/bits/allocator.h:46,\n                 from /usr/include/c++/9/string:41,\n                 from /usr/include/c++/9/bits/locale_classes.h:40,\n                 from /usr/include/c++/9/bits/ios_base.h:41,\n                 from /usr/include/c++/9/ios:42,\n                 from /usr/include/c++/9/ostream:38,\n                 from /usr/include/c++/9/iostream:39,\n                 from 2009f2p2_cadeiras.cpp:1:\n/usr/include/c++/9/ext/new_allocator.h: In instantiation of ‘void __gnu_cxx::new_allocator<_Tp>::construct(_Up*, _Args&& ...) [with _Up = std::pair<char, std::pair<int, int> >; _Args = {char, int, int}; _Tp = std::pair<char, std::pair<int, int> >]’:\n/usr/include/c++/9/bits/alloc_traits.h:482:2:   required from ‘static void std::allocator_traits<std::allocator<_CharT> >::construct(std::allocator_traits<std::allocator<_CharT> >::allocator_type&, _Up*, _Args&& ...) [with _Up = std::pair<ch",
    "2009-pj-f1-envelopes1": "\n2009f1pj_envelopes1.cpp: In function ‘int main()’:\n2009f1pj_envelopes1.cpp:13:21: error: ‘INT_MAX’ was not declared in this scope\n   13 |     int envelopes = INT_MAX;\n      |                     ^~~~~~~\n2009f1pj_envelopes1.cpp:3:1: note: ‘INT_MAX’ is defined in header ‘<climits>’; did you forget to ‘#include <climits>’?\n    2 | #include <vector>\n  +++ |+#include <climits>\n    3 |",
    "2010-p1-f1-times": "\n2010f1p1_times.cpp: In function ‘int main()’:\n2010f1p1_times.cpp:40:14: error: ‘sort’ is not a member of ‘std’\n   40 |         std::sort(time.begin(), time.end());\n      |              ^~~~",
    "2010-p2-f1-reuniao": "\n2010f1p2_reuniao.cpp: In function ‘int main()’:\n2010f1p2_reuniao.cpp:42:5: error: ‘scanf’ was not declared in this scope\n   42 |     scanf(\"%d %d\", &n, &m);\n      |     ^~~~~\n2010f1p2_reuniao.cpp:59:5: error: ‘printf’ was not declared in this scope\n   59 |     printf(\"%d\\n\", ans);\n      |     ^~~~~~\n2010f1p2_reuniao.cpp:4:1: note: ‘printf’ is defined in header ‘<cstdio>’; did you forget to ‘#include <cstdio>’?\n    3 | #include <climits>\n  +++ |+#include <cstdio>\n    4 |",
    "2011-p1-f1-triangulos": "\n2011f1p1_triangulos.cpp: In function ‘int main()’:\n2011f1p1_triangulos.cpp:11:37: error: no matching function for call to ‘max(<brace-enclosed initializer list>)’\n   11 |         int max = std::max({A, B, C});\n      |                                     ^\nIn file included from /usr/include/c++/9/bits/char_traits.h:39,\n                 from /usr/include/c++/9/ios:40,\n                 from /usr/include/c++/9/ostream:38,\n                 from /usr/include/c++/9/iostream:39,\n                 from 2011f1p1_triangulos.cpp:1:\n/usr/include/c++/9/bits/stl_algobase.h:222:5: note: candidate: ‘template<class _Tp> constexpr const _Tp& std::max(const _Tp&, const _Tp&)’\n  222 |     max(const _Tp& __a, const _Tp& __b)\n      |     ^~~\n/usr/include/c++/9/bits/stl_algobase.h:222:5: note:   template argument deduction/substitution failed:\n2011f1p1_triangulos.cpp:11:37: note:   candidate expects 2 arguments, 1 provided\n   11 |         int max = std::max({A, B, C});\n      |                                     ^\nIn file",
    "2012-p1-f2-carnaval": "\n2012f2p1_carnaval.cpp: In function ‘int main()’:\n2012f2p1_carnaval.cpp:10:37: error: ‘setprecision’ is not a member of ‘std’\n   10 |     std::cout << std::fixed << std::setprecision(1) << n[1] + n[2] + n[3] << std::endl;\n      |                                     ^~~~~~~~~~~~",
    "2012-p2-f1-cavalo": "\n2012f1p2_cavalo.cpp:6:7: error: ‘intBURACOS’ does not name a type\n    6 | const intBURACOS[4][2] = {{1, 3}, {2, 3}, {2, 5}, {5, 4}};\n      |       ^~~~~~~~~~\n2012f1p2_cavalo.cpp: In function ‘int main()’:\n2012f1p2_cavalo.cpp:26:23: error: ‘BURACOS’ was not declared in this scope\n   26 |             if (nx == BURACOS[j][0] && ny == BURACOS[j][1])\n      |                       ^~~~~~~",
    "2012-p2-f2-album": "\n2012f2p2_album.cpp: In function ‘int main()’:\n2012f2p2_album.cpp:9:26: error: ‘max’ was not declared in this scope; did you mean ‘std::max’?\n    9 |         (L1 + L2 <= X && max(H1, H2) <= Y) || (H1 + H2 <= X && max(L1, L2) <= Y) ||\n      |                          ^~~\n      |                          std::max\nIn file included from /usr/include/c++/9/bits/char_traits.h:39,\n                 from /usr/include/c++/9/ios:40,\n                 from /usr/include/c++/9/ostream:38,\n                 from /usr/include/c++/9/iostream:39,\n                 from 2012f2p2_album.cpp:1:\n/usr/include/c++/9/bits/stl_algobase.h:268:5: note: ‘std::max’ declared here\n  268 |     max(const _Tp& __a, const _Tp& __b, _Compare __comp)\n      |     ^~~",
    "2013-p2-f1-catalogo": "\n2013f1p2_catalogo.cpp: In function ‘int main()’:\n2013f1p2_catalogo.cpp:16:21: error: ‘INT_MAX’ was not declared in this scope\n   16 |     int min_chars = INT_MAX;\n      |                     ^~~~~~~\n2013f1p2_catalogo.cpp:5:1: note: ‘INT_MAX’ is defined in header ‘<climits>’; did you forget to ‘#include <climits>’?\n    4 | #include <algorithm>\n  +++ |+#include <climits>\n    5 |",
    "2014-p1-f2-memoria": "\n2014f2p1_memoria.cpp: In function ‘int main()’:\n2014f2p1_memoria.cpp:42:9: error: ‘memset’ was not declared in this scope\n   42 |         memset(dist, -1, sizeof(dist));\n      |         ^~~~~~\n2014f2p1_memoria.cpp:4:1: note: ‘memset’ is defined in header ‘<cstring>’; did you forget to ‘#include <cstring>’?\n    3 | #include <queue>\n  +++ |+#include <cstring>\n    4 | using namespace std;\n2014f2p1_memoria.cpp:43:19: error: ‘class std::vector<int>’ has no member named ‘index_of’\n   43 |         bfs(cards.index_of(i+1)-1, N);\n      |                   ^~~~~~~~",
    "2015-p1-f2-capitais": "\n2015f2p1_capitais.cpp: In function ‘int main()’:\n2015f2p1_capitais.cpp:41:20: error: ‘INT_MAX’ was not declared in this scope\n   41 |     int min_dist = INT_MAX;\n      |                    ^~~~~~~\n2015f2p1_capitais.cpp:4:1: note: ‘INT_MAX’ is defined in header ‘<climits>’; did you forget to ‘#include <climits>’?\n    3 | #include <queue>\n  +++ |+#include <climits>\n    4 |",
    "2015-p2-f1-real": "\n2015f1p2_real.cpp: In function ‘int main()’:\n2015f1p2_real.cpp:49:26: error: ‘setprecision’ was not declared in this scope\n   49 |         cout << fixed << setprecision(2) << percentage << \" \";\n      |                          ^~~~~~~~~~~~",
    "2015-p2-f2-calculo": "\n2015f2p2_calculo.cpp: In function ‘std::vector<int> addOBI2015(std::vector<int>, std::vector<int>)’:\n2015f2p2_calculo.cpp:17:5: error: ‘reverse’ was not declared in this scope\n   17 |     reverse(result.begin(), result.end());\n      |     ^~~~~~~",
    "2016-p2-f2-ciclovias": "\n2016f2p2_ciclovias.cpp: In function ‘void dfs(int, int)’:\n2016f2p2_ciclovias.cpp:12:22: error: ‘INT_MAX’ was not declared in this scope\n   12 |     int mx = 0, mn = INT_MAX;\n      |                      ^~~~~~~\n2016f2p2_ciclovias.cpp:4:1: note: ‘INT_MAX’ is defined in header ‘<climits>’; did you forget to ‘#include <climits>’?\n    3 | #include <queue>\n  +++ |+#include <climits>\n    4 |",
    "2016-pu-f1-avenida": "\n2016f1ps_avenida.cpp: In function ‘int main()’:\n2016f1ps_avenida.cpp:16:20: error: ‘INT_MAX’ was not declared in this scope\n   16 |     int min_cost = INT_MAX;\n      |                    ^~~~~~~\n2016f1ps_avenida.cpp:4:1: note: ‘INT_MAX’ is defined in header ‘<climits>’; did you forget to ‘#include <climits>’?\n    3 | #include <algorithm>\n  +++ |+#include <climits>\n    4 |",
    "2017-p1-f3-visita": "\n2017f3p1_visita.cpp: In function ‘void dijkstra(int)’:\n2017f3p1_visita.cpp:13:5: error: reference to ‘distance’ is ambiguous\n   13 |     distance[start] = 0;\n      |     ^~~~~~~~\nIn file included from /usr/include/c++/9/bits/stl_algobase.h:66,\n                 from /usr/include/c++/9/bits/char_traits.h:39,\n                 from /usr/include/c++/9/ios:40,\n                 from /usr/include/c++/9/ostream:38,\n                 from /usr/include/c++/9/iostream:39,\n                 from 2017f3p1_visita.cpp:1:\n/usr/include/c++/9/bits/stl_iterator_base_funcs.h:138:5: note: candidates are: ‘template<class _InputIterator> constexpr typename std::iterator_traits<_Iterator>::difference_type std::distance(_InputIterator, _InputIterator)’\n  138 |     distance(_InputIterator __first, _InputIterator __last)\n      |     ^~~~~~~~\n2017f3p1_visita.cpp:8:5: note:                 ‘int distance [10001]’\n    8 | int distance[10001];\n      |     ^~~~~~~~\n2017f3p1_visita.cpp:20:17: error: reference to ‘distance’ is",
    "2018-p1-f1-piramide": "\n2018f1p1_piramide.cpp: In function ‘int minPiramide(std::vector<std::vector<int> >&)’:\n2018f1p1_piramide.cpp:20:21: error: ‘INT_MAX’ was not declared in this scope\n   20 |     int minWeight = INT_MAX;\n      |                     ^~~~~~~\n2018f1p1_piramide.cpp:4:1: note: ‘INT_MAX’ is defined in header ‘<climits>’; did you forget to ‘#include <climits>’?\n    3 | #include <algorithm>\n  +++ |+#include <climits>\n    4 |",
    "2018-p2-f2-wifi": "\n2018f2p2_wifi.cpp: In function ‘int main()’:\n2018f2p2_wifi.cpp:27:13: error: ‘queue’ was not declared in this scope\n   27 |             queue<int> q;\n      |             ^~~~~\n2018f2p2_wifi.cpp:4:1: note: ‘std::queue’ is defined in header ‘<queue>’; did you forget to ‘#include <queue>’?\n    3 | #include <algorithm>\n  +++ |+#include <queue>\n    4 | \n2018f2p2_wifi.cpp:27:19: error: expected primary-expression before ‘int’\n   27 |             queue<int> q;\n      |                   ^~~\n2018f2p2_wifi.cpp:28:13: error: ‘q’ was not declared in this scope\n   28 |             q.push(i);\n      |             ^",
    "2018-pu-f1-ilhas": "\n2018f1ps_ilhas.cpp: In function ‘int main()’:\n2018f1ps_ilhas.cpp:42:24: error: ‘INT_MAX’ was not declared in this scope\n   42 |     dist.resize(N + 1, INT_MAX);\n      |                        ^~~~~~~\n2018f1ps_ilhas.cpp:4:1: note: ‘INT_MAX’ is defined in header ‘<climits>’; did you forget to ‘#include <climits>’?\n    3 | #include <queue>\n  +++ |+#include <climits>\n    4 | using namespace std;",
    "2018-pu-f3-maximin": "\n2018f3ps_maximin.cpp: In function ‘int main()’:\n2018f3ps_maximin.cpp:14:24: error: ‘INT_MAX’ was not declared in this scope\n   14 |         int min_diff = INT_MAX;\n      |                        ^~~~~~~\n2018f3ps_maximin.cpp:4:1: note: ‘INT_MAX’ is defined in header ‘<climits>’; did you forget to ‘#include <climits>’?\n    3 | #include <algorithm>\n  +++ |+#include <climits>\n    4 |"
}